[2020-06-09T16:56:49.075] [DEBUG] cheese - login => username:zce,password:1234
[2020-06-09T16:56:49.077] [DEBUG] cheese - zce
[2020-06-09T16:56:49.122] [DEBUG] cheese - null
[2020-06-09T16:56:49.122] [DEBUG] cheese - null
[2020-06-15T10:48:12.016] [DEBUG] cheese - login => username:zce,password:1234
[2020-06-15T10:48:12.018] [DEBUG] cheese - zce
[2020-06-15T10:48:12.056] [DEBUG] cheese - null
[2020-06-15T10:48:12.057] [DEBUG] cheese - null
[2020-06-15T11:53:47.141] [DEBUG] cheese - login => username:czy,password:12345
[2020-06-15T11:53:47.142] [DEBUG] cheese - czy
[2020-06-15T11:53:47.187] [DEBUG] cheese - null
[2020-06-15T11:53:47.188] [DEBUG] cheese - null
[2020-06-15T11:54:53.512] [DEBUG] cheese - login => username:admin,password:123456
[2020-06-15T11:54:53.512] [DEBUG] cheese - admin
[2020-06-15T11:54:53.545] [DEBUG] cheese - null
[2020-06-15T11:54:53.545] [DEBUG] cheese - null
[2020-06-15T11:57:48.581] [DEBUG] cheese - login => username:admin,password:123456
[2020-06-15T11:57:48.582] [DEBUG] cheese - admin
[2020-06-15T11:57:48.584] [DEBUG] cheese - null
[2020-06-15T11:57:48.584] [DEBUG] cheese - null
[2020-06-15T11:58:09.239] [DEBUG] cheese - login => username:admin,password:123456
[2020-06-15T11:58:09.241] [DEBUG] cheese - admin
[2020-06-15T11:58:09.286] [DEBUG] cheese - null
[2020-06-15T11:58:09.287] [DEBUG] cheese - null
[2020-06-15T15:35:30.118] [DEBUG] cheese - login => username:czy,password:12345
[2020-06-15T15:35:30.121] [DEBUG] cheese - czy
[2020-06-15T15:35:30.151] [DEBUG] cheese - null
[2020-06-15T15:35:30.152] [DEBUG] cheese - null
[2020-06-15T15:36:09.339] [DEBUG] cheese - login => username:zce,password:12345
[2020-06-15T15:36:09.339] [DEBUG] cheese - zce
[2020-06-15T15:36:09.378] [DEBUG] cheese - null
[2020-06-15T15:36:09.378] [DEBUG] cheese - null
[2020-06-15T15:36:50.687] [DEBUG] cheese - login => username:admin,password:123456
[2020-06-15T15:36:50.687] [DEBUG] cheese - admin
[2020-06-15T15:36:50.725] [DEBUG] cheese - null
[2020-06-15T15:36:50.725] [DEBUG] cheese - null
[2020-06-15T15:38:05.618] [DEBUG] cheese - login => username:admin,password:123456897
[2020-06-15T15:38:05.618] [DEBUG] cheese - admin
[2020-06-15T15:38:05.633] [DEBUG] cheese - null
[2020-06-15T15:38:05.633] [DEBUG] cheese - null
[2020-06-15T15:38:15.473] [DEBUG] cheese - login => username:admin,password:123456
[2020-06-15T15:38:15.473] [DEBUG] cheese - admin
[2020-06-15T15:38:15.475] [DEBUG] cheese - null
[2020-06-15T15:38:15.475] [DEBUG] cheese - null
[2020-06-15T15:39:13.996] [DEBUG] cheese - login => username:admin,password:123456
[2020-06-15T15:39:13.998] [DEBUG] cheese - admin
[2020-06-15T15:39:14.055] [DEBUG] cheese - null
[2020-06-15T15:39:14.055] [DEBUG] cheese - null
[2020-06-15T15:46:21.668] [DEBUG] cheese - login => username:admin,password:123456
[2020-06-15T15:46:21.670] [DEBUG] cheese - admin
[2020-06-15T15:46:21.684] [DEBUG] cheese - null
[2020-06-15T15:46:21.685] [DEBUG] cheese - null
[2020-06-15T15:50:56.992] [DEBUG] cheese - login => username:admin,password:123456
[2020-06-15T15:50:56.995] [DEBUG] cheese - admin
[2020-06-15T15:50:57.007] [DEBUG] cheese - null
[2020-06-15T15:50:57.008] [DEBUG] cheese - null
[2020-06-15T15:53:32.773] [DEBUG] cheese - login => username:admin,password:123456
[2020-06-15T15:53:32.774] [DEBUG] cheese - admin
[2020-06-15T15:53:32.815] [DEBUG] cheese - null
[2020-06-15T15:53:32.816] [DEBUG] cheese - null
[2020-06-15T16:05:01.064] [DEBUG] cheese - login => username:admin,password:123456
[2020-06-15T16:05:01.064] [DEBUG] cheese - admin
[2020-06-15T16:05:01.068] [DEBUG] cheese - null
[2020-06-15T16:05:01.069] [DEBUG] cheese - null
[2020-06-15T16:09:12.492] [DEBUG] cheese - login => username:czy,password:12345
[2020-06-15T16:09:12.492] [DEBUG] cheese - czy
[2020-06-15T16:09:12.495] [DEBUG] cheese - null
[2020-06-15T16:09:12.495] [DEBUG] cheese - null
[2020-06-15T16:09:31.490] [DEBUG] cheese - login => username:czy,password:12345
[2020-06-15T16:09:31.490] [DEBUG] cheese - czy
[2020-06-15T16:09:31.493] [DEBUG] cheese - null
[2020-06-15T16:09:31.493] [DEBUG] cheese - null
[2020-06-15T16:09:50.433] [DEBUG] cheese - login => username:czy,password:12345
[2020-06-15T16:09:50.433] [DEBUG] cheese - czy
[2020-06-15T16:09:50.436] [DEBUG] cheese - null
[2020-06-15T16:09:50.436] [DEBUG] cheese - null
[2020-06-15T16:10:18.201] [DEBUG] cheese - login => username:czy,password:12345
[2020-06-15T16:10:18.201] [DEBUG] cheese - czy
[2020-06-15T16:10:18.204] [DEBUG] cheese - null
[2020-06-15T16:10:18.204] [DEBUG] cheese - null
[2020-06-15T16:10:56.970] [DEBUG] cheese - login => username:czy,password:12345
[2020-06-15T16:10:56.971] [DEBUG] cheese - czy
[2020-06-15T16:10:56.973] [DEBUG] cheese - null
[2020-06-15T16:10:56.974] [DEBUG] cheese - null
[2020-06-15T16:11:37.147] [DEBUG] cheese - login => username:czy,password:12345
[2020-06-15T16:11:37.147] [DEBUG] cheese - czy
[2020-06-15T16:11:37.149] [DEBUG] cheese - null
[2020-06-15T16:11:37.149] [DEBUG] cheese - null
[2020-06-15T16:12:26.945] [DEBUG] cheese - login => username:czy,password:12345
[2020-06-15T16:12:26.945] [DEBUG] cheese - czy
[2020-06-15T16:12:26.947] [DEBUG] cheese - null
[2020-06-15T16:12:26.948] [DEBUG] cheese - null
[2020-06-15T16:13:33.583] [DEBUG] cheese - login => username:czy,password:12345
[2020-06-15T16:13:33.583] [DEBUG] cheese - czy
[2020-06-15T16:13:33.586] [DEBUG] cheese - null
[2020-06-15T16:13:33.586] [DEBUG] cheese - null
[2020-06-15T16:15:13.294] [DEBUG] cheese - login => username:admin,password:123456
[2020-06-15T16:15:13.294] [DEBUG] cheese - admin
[2020-06-15T16:15:13.297] [DEBUG] cheese - null
[2020-06-15T16:15:13.297] [DEBUG] cheese - null
[2020-06-15T16:15:20.797] [DEBUG] cheese - login => username:czy,password:12345
[2020-06-15T16:15:20.797] [DEBUG] cheese - czy
[2020-06-15T16:15:20.799] [DEBUG] cheese - null
[2020-06-15T16:15:20.800] [DEBUG] cheese - null
[2020-06-15T16:15:33.637] [DEBUG] cheese - login => username:admin,password:123456
[2020-06-15T16:15:33.638] [DEBUG] cheese - admin
[2020-06-15T16:15:33.640] [DEBUG] cheese - null
[2020-06-15T16:15:33.640] [DEBUG] cheese - null
[2020-06-15T16:16:48.718] [DEBUG] cheese - login => username:admin,password:123456
[2020-06-15T16:16:48.719] [DEBUG] cheese - admin
[2020-06-15T16:16:48.721] [DEBUG] cheese - null
[2020-06-15T16:16:48.722] [DEBUG] cheese - null
[2020-06-15T16:17:41.438] [DEBUG] cheese - login => username:czy,password:12345
[2020-06-15T16:17:41.438] [DEBUG] cheese - czy
[2020-06-15T16:17:41.441] [DEBUG] cheese - null
[2020-06-15T16:17:41.441] [DEBUG] cheese - null
[2020-06-15T16:17:48.012] [DEBUG] cheese - login => username:admin,password:123456
[2020-06-15T16:17:48.012] [DEBUG] cheese - admin
[2020-06-15T16:17:48.015] [DEBUG] cheese - null
[2020-06-15T16:17:48.015] [DEBUG] cheese - null
[2020-06-15T16:38:40.898] [DEBUG] cheese - login => username:admin,password:123456
[2020-06-15T16:38:40.898] [DEBUG] cheese - admin
[2020-06-15T16:38:40.902] [DEBUG] cheese - null
[2020-06-15T16:38:40.903] [DEBUG] cheese - null
[2020-06-15T17:08:38.339] [DEBUG] cheese - login => username:admin,password:123456
[2020-06-15T17:08:38.340] [DEBUG] cheese - admin
[2020-06-15T17:08:38.343] [DEBUG] cheese - null
[2020-06-15T17:08:38.343] [DEBUG] cheese - null
[2020-06-15T17:21:02.922] [DEBUG] cheese - login => username:czy,password:123456
[2020-06-15T17:21:02.922] [DEBUG] cheese - czy
[2020-06-15T17:21:02.924] [DEBUG] cheese - null
[2020-06-15T17:21:02.925] [DEBUG] cheese - null
[2020-06-15T17:21:07.876] [DEBUG] cheese - login => username:admin,password:123456
[2020-06-15T17:21:07.876] [DEBUG] cheese - admin
[2020-06-15T17:21:07.879] [DEBUG] cheese - null
[2020-06-15T17:21:07.879] [DEBUG] cheese - null
[2020-06-15T17:21:37.326] [DEBUG] cheese - login => username:admin,password:123456
[2020-06-15T17:21:37.327] [DEBUG] cheese - admin
[2020-06-15T17:21:37.329] [DEBUG] cheese - null
[2020-06-15T17:21:37.329] [DEBUG] cheese - null
[2020-06-18T09:12:52.327] [DEBUG] cheese - login => username:admin,password:123456
[2020-06-18T09:12:52.329] [DEBUG] cheese - admin
[2020-06-18T09:12:52.342] [DEBUG] cheese - null
[2020-06-18T09:12:52.343] [DEBUG] cheese - null
[2020-06-18T11:09:56.218] [DEBUG] cheese - login => username:admin,password:123456
[2020-06-18T11:09:56.219] [DEBUG] cheese - admin
[2020-06-18T11:09:56.231] [DEBUG] cheese - null
[2020-06-18T11:09:56.231] [DEBUG] cheese - null
[2020-06-18T11:11:44.828] [DEBUG] cheese - login => username:admin,password:123456
[2020-06-18T11:11:44.828] [DEBUG] cheese - admin
[2020-06-18T11:11:44.831] [DEBUG] cheese - null
[2020-06-18T11:11:44.831] [DEBUG] cheese - null
[2020-06-18T16:22:46.740] [DEBUG] cheese - login => username:admin,password:123456
[2020-06-18T16:22:46.741] [DEBUG] cheese - admin
[2020-06-18T16:22:46.748] [DEBUG] cheese - null
[2020-06-18T16:22:46.748] [DEBUG] cheese - null
